<?xml version="1.0" encoding="UTF-8"?>
<!-- Generated by org.testng.reporters.JUnitXMLReporter -->
<testsuite ignored="0" hostname="prashant" failures="1" tests="1" name="Test" time="10.048" errors="0" timestamp="2023-07-25T14:15:10 IST">
  <testcase classname="Com.Ecommerce.Testcases.LoginTest_Data" name="Login" time="1.246">
    <failure type="java.lang.AssertionError" message="expected [true] but found [false]">
      <![CDATA[java.lang.AssertionError: expected [true] but found [false]
at Com.Ecommerce.Testcases.LoginTest_Data.Login(LoginTest_Data.java:39)
at java.base/java.util.ArrayList.forEach(ArrayList.java:1511)
... Removed 31 stack frames]]>
    </failure>
  </testcase> <!-- Login -->
</testsuite> <!-- Test -->
