<?xml version="1.0" encoding="UTF-8"?>
<!-- Generated by org.testng.reporters.JUnitXMLReporter -->
<testsuite ignored="0" hostname="prashant" failures="5" tests="5" name="Test" time="24.408" errors="0" timestamp="2023-07-25T13:56:33 IST">
  <testcase classname="Com.Ecommerce.Testcases.LoginTest_Data" name="Login" time="2.201">
    <failure type="java.lang.AssertionError" message="expected [true] but found [false]">
      <![CDATA[java.lang.AssertionError: expected [true] but found [false]
at Com.Ecommerce.Testcases.LoginTest_Data.Login(LoginTest_Data.java:39)
at java.base/java.util.ArrayList.forEach(ArrayList.java:1511)
... Removed 35 stack frames]]>
    </failure>
  </testcase> <!-- Login -->
  <testcase classname="Com.Ecommerce.Testcases.LoginTest_Data" name="Login" time="0.013">
    <failure type="org.openqa.selenium.NoSuchSessionException" message="Session ID is null. Using WebDriver after calling quit()?
Build info: version: &amp;apos;4.9.0&amp;apos;, revision: &amp;apos;d7057100a6&amp;apos;
System info: os.name: &amp;apos;Windows 11&amp;apos;, os.arch: &amp;apos;amd64&amp;apos;, os.version: &amp;apos;10.0&amp;apos;, java.version: &amp;apos;17.0.2&amp;apos;
Driver info: org.openqa.selenium.chrome.ChromeDriver
Command: [null, findElement {using=xpath, value=//a[contains(text(),&amp;apos;Log in&amp;apos;)]}]
Capabilities {acceptInsecureCerts: false, browserName: chrome, browserVersion: 114.0.5735.248, chrome: {chromedriverVersion: 114.0.5735.90 (386bc09e8f4f..., userDataDir: C:\Users\Prashant\AppData\L...}, goog:chromeOptions: {debuggerAddress: localhost:62021}, networkConnectionEnabled: false, pageLoadStrategy: normal, platformName: WINDOWS, proxy: Proxy(), se:cdp: ws://localhost:62021/devtoo..., se:cdpVersion: 114.0.5735.248, setWindowRect: true, strictFileInteractability: false, timeouts: {implicit: 0, pageLoad: 300000, script: 30000}, unhandledPromptBehavior: dismiss and notify, webauthn:extension:credBlob: true, webauthn:extension:largeBlob: true, webauthn:extension:minPinLength: true, webauthn:extension:prf: true, webauthn:virtualAuthenticators: true}">
      <![CDATA[org.openqa.selenium.NoSuchSessionException: Session ID is null. Using WebDriver after calling quit()?
Build info: version: '4.9.0', revision: 'd7057100a6'
System info: os.name: 'Windows 11', os.arch: 'amd64', os.version: '10.0', java.version: '17.0.2'
Driver info: org.openqa.selenium.chrome.ChromeDriver
Command: [null, findElement {using=xpath, value=//a[contains(text(),'Log in')]}]
Capabilities {acceptInsecureCerts: false, browserName: chrome, browserVersion: 114.0.5735.248, chrome: {chromedriverVersion: 114.0.5735.90 (386bc09e8f4f..., userDataDir: C:\Users\Prashant\AppData\L...}, goog:chromeOptions: {debuggerAddress: localhost:62021}, networkConnectionEnabled: false, pageLoadStrategy: normal, platformName: WINDOWS, proxy: Proxy(), se:cdp: ws://localhost:62021/devtoo..., se:cdpVersion: 114.0.5735.248, setWindowRect: true, strictFileInteractability: false, timeouts: {implicit: 0, pageLoad: 300000, script: 30000}, unhandledPromptBehavior: dismiss and notify, webauthn:extension:credBlob: true, webauthn:extension:largeBlob: true, webauthn:extension:minPinLength: true, webauthn:extension:prf: true, webauthn:virtualAuthenticators: true}
at org.openqa.selenium.remote.HttpCommandExecutor.execute(HttpCommandExecutor.java:154)
at org.openqa.selenium.remote.service.DriverCommandExecutor.invokeExecute(DriverCommandExecutor.java:183)
at org.openqa.selenium.remote.service.DriverCommandExecutor.execute(DriverCommandExecutor.java:158)
at org.openqa.selenium.remote.RemoteWebDriver.execute(RemoteWebDriver.java:543)
at org.openqa.selenium.remote.ElementLocation$ElementFinder$2.findElement(ElementLocation.java:162)
at org.openqa.selenium.remote.ElementLocation.findElement(ElementLocation.java:60)
at org.openqa.selenium.remote.RemoteWebDriver.findElement(RemoteWebDriver.java:352)
at org.openqa.selenium.remote.RemoteWebDriver.findElement(RemoteWebDriver.java:344)
at org.openqa.selenium.support.pagefactory.DefaultElementLocator.findElement(DefaultElementLocator.java:70)
at org.openqa.selenium.support.pagefactory.internal.LocatingElementHandler.invoke(LocatingElementHandler.java:39)
at jdk.proxy2/jdk.proxy2.$Proxy16.click(Unknown Source)
at Com.Ecommerce.Pageclasses.Login_Page.Login_tab(Login_Page.java:43)
at Com.Ecommerce.Testcases.LoginTest_Data.Login(LoginTest_Data.java:21)
at java.base/java.util.ArrayList.forEach(ArrayList.java:1511)
... Removed 31 stack frames]]>
    </failure>
  </testcase> <!-- Login -->
  <testcase classname="Com.Ecommerce.Testcases.LoginTest_Data" name="Login" time="0.002">
    <failure type="org.openqa.selenium.NoSuchSessionException" message="Session ID is null. Using WebDriver after calling quit()?
Build info: version: &amp;apos;4.9.0&amp;apos;, revision: &amp;apos;d7057100a6&amp;apos;
System info: os.name: &amp;apos;Windows 11&amp;apos;, os.arch: &amp;apos;amd64&amp;apos;, os.version: &amp;apos;10.0&amp;apos;, java.version: &amp;apos;17.0.2&amp;apos;
Driver info: org.openqa.selenium.chrome.ChromeDriver
Command: [null, findElement {using=xpath, value=//a[contains(text(),&amp;apos;Log in&amp;apos;)]}]
Capabilities {acceptInsecureCerts: false, browserName: chrome, browserVersion: 114.0.5735.248, chrome: {chromedriverVersion: 114.0.5735.90 (386bc09e8f4f..., userDataDir: C:\Users\Prashant\AppData\L...}, goog:chromeOptions: {debuggerAddress: localhost:62021}, networkConnectionEnabled: false, pageLoadStrategy: normal, platformName: WINDOWS, proxy: Proxy(), se:cdp: ws://localhost:62021/devtoo..., se:cdpVersion: 114.0.5735.248, setWindowRect: true, strictFileInteractability: false, timeouts: {implicit: 0, pageLoad: 300000, script: 30000}, unhandledPromptBehavior: dismiss and notify, webauthn:extension:credBlob: true, webauthn:extension:largeBlob: true, webauthn:extension:minPinLength: true, webauthn:extension:prf: true, webauthn:virtualAuthenticators: true}">
      <![CDATA[org.openqa.selenium.NoSuchSessionException: Session ID is null. Using WebDriver after calling quit()?
Build info: version: '4.9.0', revision: 'd7057100a6'
System info: os.name: 'Windows 11', os.arch: 'amd64', os.version: '10.0', java.version: '17.0.2'
Driver info: org.openqa.selenium.chrome.ChromeDriver
Command: [null, findElement {using=xpath, value=//a[contains(text(),'Log in')]}]
Capabilities {acceptInsecureCerts: false, browserName: chrome, browserVersion: 114.0.5735.248, chrome: {chromedriverVersion: 114.0.5735.90 (386bc09e8f4f..., userDataDir: C:\Users\Prashant\AppData\L...}, goog:chromeOptions: {debuggerAddress: localhost:62021}, networkConnectionEnabled: false, pageLoadStrategy: normal, platformName: WINDOWS, proxy: Proxy(), se:cdp: ws://localhost:62021/devtoo..., se:cdpVersion: 114.0.5735.248, setWindowRect: true, strictFileInteractability: false, timeouts: {implicit: 0, pageLoad: 300000, script: 30000}, unhandledPromptBehavior: dismiss and notify, webauthn:extension:credBlob: true, webauthn:extension:largeBlob: true, webauthn:extension:minPinLength: true, webauthn:extension:prf: true, webauthn:virtualAuthenticators: true}
at org.openqa.selenium.remote.HttpCommandExecutor.execute(HttpCommandExecutor.java:154)
at org.openqa.selenium.remote.service.DriverCommandExecutor.invokeExecute(DriverCommandExecutor.java:183)
at org.openqa.selenium.remote.service.DriverCommandExecutor.execute(DriverCommandExecutor.java:158)
at org.openqa.selenium.remote.RemoteWebDriver.execute(RemoteWebDriver.java:543)
at org.openqa.selenium.remote.ElementLocation$ElementFinder$2.findElement(ElementLocation.java:162)
at org.openqa.selenium.remote.ElementLocation.findElement(ElementLocation.java:60)
at org.openqa.selenium.remote.RemoteWebDriver.findElement(RemoteWebDriver.java:352)
at org.openqa.selenium.remote.RemoteWebDriver.findElement(RemoteWebDriver.java:344)
at org.openqa.selenium.support.pagefactory.DefaultElementLocator.findElement(DefaultElementLocator.java:70)
at org.openqa.selenium.support.pagefactory.internal.LocatingElementHandler.invoke(LocatingElementHandler.java:39)
at jdk.proxy2/jdk.proxy2.$Proxy16.click(Unknown Source)
at Com.Ecommerce.Pageclasses.Login_Page.Login_tab(Login_Page.java:43)
at Com.Ecommerce.Testcases.LoginTest_Data.Login(LoginTest_Data.java:21)
at java.base/java.util.ArrayList.forEach(ArrayList.java:1511)
... Removed 31 stack frames]]>
    </failure>
  </testcase> <!-- Login -->
  <testcase classname="Com.Ecommerce.Testcases.LoginTest_Data" name="Login" time="0.003">
    <failure type="org.openqa.selenium.NoSuchSessionException" message="Session ID is null. Using WebDriver after calling quit()?
Build info: version: &amp;apos;4.9.0&amp;apos;, revision: &amp;apos;d7057100a6&amp;apos;
System info: os.name: &amp;apos;Windows 11&amp;apos;, os.arch: &amp;apos;amd64&amp;apos;, os.version: &amp;apos;10.0&amp;apos;, java.version: &amp;apos;17.0.2&amp;apos;
Driver info: org.openqa.selenium.chrome.ChromeDriver
Command: [null, findElement {using=xpath, value=//a[contains(text(),&amp;apos;Log in&amp;apos;)]}]
Capabilities {acceptInsecureCerts: false, browserName: chrome, browserVersion: 114.0.5735.248, chrome: {chromedriverVersion: 114.0.5735.90 (386bc09e8f4f..., userDataDir: C:\Users\Prashant\AppData\L...}, goog:chromeOptions: {debuggerAddress: localhost:62021}, networkConnectionEnabled: false, pageLoadStrategy: normal, platformName: WINDOWS, proxy: Proxy(), se:cdp: ws://localhost:62021/devtoo..., se:cdpVersion: 114.0.5735.248, setWindowRect: true, strictFileInteractability: false, timeouts: {implicit: 0, pageLoad: 300000, script: 30000}, unhandledPromptBehavior: dismiss and notify, webauthn:extension:credBlob: true, webauthn:extension:largeBlob: true, webauthn:extension:minPinLength: true, webauthn:extension:prf: true, webauthn:virtualAuthenticators: true}">
      <![CDATA[org.openqa.selenium.NoSuchSessionException: Session ID is null. Using WebDriver after calling quit()?
Build info: version: '4.9.0', revision: 'd7057100a6'
System info: os.name: 'Windows 11', os.arch: 'amd64', os.version: '10.0', java.version: '17.0.2'
Driver info: org.openqa.selenium.chrome.ChromeDriver
Command: [null, findElement {using=xpath, value=//a[contains(text(),'Log in')]}]
Capabilities {acceptInsecureCerts: false, browserName: chrome, browserVersion: 114.0.5735.248, chrome: {chromedriverVersion: 114.0.5735.90 (386bc09e8f4f..., userDataDir: C:\Users\Prashant\AppData\L...}, goog:chromeOptions: {debuggerAddress: localhost:62021}, networkConnectionEnabled: false, pageLoadStrategy: normal, platformName: WINDOWS, proxy: Proxy(), se:cdp: ws://localhost:62021/devtoo..., se:cdpVersion: 114.0.5735.248, setWindowRect: true, strictFileInteractability: false, timeouts: {implicit: 0, pageLoad: 300000, script: 30000}, unhandledPromptBehavior: dismiss and notify, webauthn:extension:credBlob: true, webauthn:extension:largeBlob: true, webauthn:extension:minPinLength: true, webauthn:extension:prf: true, webauthn:virtualAuthenticators: true}
at org.openqa.selenium.remote.HttpCommandExecutor.execute(HttpCommandExecutor.java:154)
at org.openqa.selenium.remote.service.DriverCommandExecutor.invokeExecute(DriverCommandExecutor.java:183)
at org.openqa.selenium.remote.service.DriverCommandExecutor.execute(DriverCommandExecutor.java:158)
at org.openqa.selenium.remote.RemoteWebDriver.execute(RemoteWebDriver.java:543)
at org.openqa.selenium.remote.ElementLocation$ElementFinder$2.findElement(ElementLocation.java:162)
at org.openqa.selenium.remote.ElementLocation.findElement(ElementLocation.java:60)
at org.openqa.selenium.remote.RemoteWebDriver.findElement(RemoteWebDriver.java:352)
at org.openqa.selenium.remote.RemoteWebDriver.findElement(RemoteWebDriver.java:344)
at org.openqa.selenium.support.pagefactory.DefaultElementLocator.findElement(DefaultElementLocator.java:70)
at org.openqa.selenium.support.pagefactory.internal.LocatingElementHandler.invoke(LocatingElementHandler.java:39)
at jdk.proxy2/jdk.proxy2.$Proxy16.click(Unknown Source)
at Com.Ecommerce.Pageclasses.Login_Page.Login_tab(Login_Page.java:43)
at Com.Ecommerce.Testcases.LoginTest_Data.Login(LoginTest_Data.java:21)
at java.base/java.util.ArrayList.forEach(ArrayList.java:1511)
... Removed 31 stack frames]]>
    </failure>
  </testcase> <!-- Login -->
  <testcase classname="Com.Ecommerce.Testcases.LoginTest_Data" name="Login" time="0.001">
    <failure type="org.openqa.selenium.NoSuchSessionException" message="Session ID is null. Using WebDriver after calling quit()?
Build info: version: &amp;apos;4.9.0&amp;apos;, revision: &amp;apos;d7057100a6&amp;apos;
System info: os.name: &amp;apos;Windows 11&amp;apos;, os.arch: &amp;apos;amd64&amp;apos;, os.version: &amp;apos;10.0&amp;apos;, java.version: &amp;apos;17.0.2&amp;apos;
Driver info: org.openqa.selenium.chrome.ChromeDriver
Command: [null, findElement {using=xpath, value=//a[contains(text(),&amp;apos;Log in&amp;apos;)]}]
Capabilities {acceptInsecureCerts: false, browserName: chrome, browserVersion: 114.0.5735.248, chrome: {chromedriverVersion: 114.0.5735.90 (386bc09e8f4f..., userDataDir: C:\Users\Prashant\AppData\L...}, goog:chromeOptions: {debuggerAddress: localhost:62021}, networkConnectionEnabled: false, pageLoadStrategy: normal, platformName: WINDOWS, proxy: Proxy(), se:cdp: ws://localhost:62021/devtoo..., se:cdpVersion: 114.0.5735.248, setWindowRect: true, strictFileInteractability: false, timeouts: {implicit: 0, pageLoad: 300000, script: 30000}, unhandledPromptBehavior: dismiss and notify, webauthn:extension:credBlob: true, webauthn:extension:largeBlob: true, webauthn:extension:minPinLength: true, webauthn:extension:prf: true, webauthn:virtualAuthenticators: true}">
      <![CDATA[org.openqa.selenium.NoSuchSessionException: Session ID is null. Using WebDriver after calling quit()?
Build info: version: '4.9.0', revision: 'd7057100a6'
System info: os.name: 'Windows 11', os.arch: 'amd64', os.version: '10.0', java.version: '17.0.2'
Driver info: org.openqa.selenium.chrome.ChromeDriver
Command: [null, findElement {using=xpath, value=//a[contains(text(),'Log in')]}]
Capabilities {acceptInsecureCerts: false, browserName: chrome, browserVersion: 114.0.5735.248, chrome: {chromedriverVersion: 114.0.5735.90 (386bc09e8f4f..., userDataDir: C:\Users\Prashant\AppData\L...}, goog:chromeOptions: {debuggerAddress: localhost:62021}, networkConnectionEnabled: false, pageLoadStrategy: normal, platformName: WINDOWS, proxy: Proxy(), se:cdp: ws://localhost:62021/devtoo..., se:cdpVersion: 114.0.5735.248, setWindowRect: true, strictFileInteractability: false, timeouts: {implicit: 0, pageLoad: 300000, script: 30000}, unhandledPromptBehavior: dismiss and notify, webauthn:extension:credBlob: true, webauthn:extension:largeBlob: true, webauthn:extension:minPinLength: true, webauthn:extension:prf: true, webauthn:virtualAuthenticators: true}
at org.openqa.selenium.remote.HttpCommandExecutor.execute(HttpCommandExecutor.java:154)
at org.openqa.selenium.remote.service.DriverCommandExecutor.invokeExecute(DriverCommandExecutor.java:183)
at org.openqa.selenium.remote.service.DriverCommandExecutor.execute(DriverCommandExecutor.java:158)
at org.openqa.selenium.remote.RemoteWebDriver.execute(RemoteWebDriver.java:543)
at org.openqa.selenium.remote.ElementLocation$ElementFinder$2.findElement(ElementLocation.java:162)
at org.openqa.selenium.remote.ElementLocation.findElement(ElementLocation.java:60)
at org.openqa.selenium.remote.RemoteWebDriver.findElement(RemoteWebDriver.java:352)
at org.openqa.selenium.remote.RemoteWebDriver.findElement(RemoteWebDriver.java:344)
at org.openqa.selenium.support.pagefactory.DefaultElementLocator.findElement(DefaultElementLocator.java:70)
at org.openqa.selenium.support.pagefactory.internal.LocatingElementHandler.invoke(LocatingElementHandler.java:39)
at jdk.proxy2/jdk.proxy2.$Proxy16.click(Unknown Source)
at Com.Ecommerce.Pageclasses.Login_Page.Login_tab(Login_Page.java:43)
at Com.Ecommerce.Testcases.LoginTest_Data.Login(LoginTest_Data.java:21)
at java.base/java.util.ArrayList.forEach(ArrayList.java:1511)
... Removed 31 stack frames]]>
    </failure>
  </testcase> <!-- Login -->
</testsuite> <!-- Test -->
